2017-08-10T11:10:38+07:00 ERR (3): PDOException: SQLSTATE[23000]: Integrity constraint violation: 1048 Column 'content' cannot be null in C:\xampp\htdocs\vietagar\library\Zend\Db\Statement\Pdo.php:228
Stack trace:
#0 C:\xampp\htdocs\vietagar\library\Zend\Db\Statement\Pdo.php(228): PDOStatement->execute(Array)
#1 C:\xampp\htdocs\vietagar\library\Zend\Db\Statement.php(300): Zend_Db_Statement_Pdo->_execute(Array)
#2 C:\xampp\htdocs\vietagar\library\Zend\Db\Adapter\Abstract.php(479): Zend_Db_Statement->execute(Array)
#3 C:\xampp\htdocs\vietagar\library\Zend\Db\Adapter\Pdo\Abstract.php(238): Zend_Db_Adapter_Abstract->query('INSERT INTO `qu...', Array)
#4 C:\xampp\htdocs\vietagar\library\Zend\Db\Adapter\Abstract.php(575): Zend_Db_Adapter_Pdo_Abstract->query('INSERT INTO `qu...', Array)
#5 C:\xampp\htdocs\vietagar\library\Zend\Db\Table\Abstract.php(1077): Zend_Db_Adapter_Abstract->insert('question', Array)
#6 C:\xampp\htdocs\vietagar\library\Core\Db\Table\Abstract.php(281): Zend_Db_Table_Abstract->insert(Array)
#7 C:\xampp\htdocs\vietagar\application\modules\admin\controllers\QuestionController.php(45): Core_Db_Table_Abstract->insert(Array)
#8 C:\xampp\htdocs\vietagar\application\modules\admin\controllers\QuestionController.php(101): Admin_QuestionController->sheetData(Array)
#9 C:\xampp\htdocs\vietagar\application\modules\admin\controllers\QuestionController.php(118): Admin_QuestionController->importExcel('516Cauhoitracng...')
#10 C:\xampp\htdocs\vietagar\library\Zend\Controller\Action.php(516): Admin_QuestionController->indexAction()
#11 C:\xampp\htdocs\vietagar\library\Zend\Controller\Dispatcher\Standard.php(295): Zend_Controller_Action->dispatch('indexAction')
#12 C:\xampp\htdocs\vietagar\library\Zend\Controller\Front.php(954): Zend_Controller_Dispatcher_Standard->dispatch(Object(Zend_Controller_Request_Http), Object(Zend_Controller_Response_Http))
#13 C:\xampp\htdocs\vietagar\library\Zend\Application\Bootstrap\Bootstrap.php(97): Zend_Controller_Front->dispatch()
#14 C:\xampp\htdocs\vietagar\library\Zend\Application.php(366): Zend_Application_Bootstrap_Bootstrap->run()
#15 C:\xampp\htdocs\vietagar\public\index.php(33): Zend_Application->run()
#16 {main}

Next Zend_Db_Statement_Exception: SQLSTATE[23000]: Integrity constraint violation: 1048 Column 'content' cannot be null in C:\xampp\htdocs\vietagar\library\Zend\Db\Statement\Pdo.php:234
Stack trace:
#0 C:\xampp\htdocs\vietagar\library\Zend\Db\Statement.php(300): Zend_Db_Statement_Pdo->_execute(Array)
#1 C:\xampp\htdocs\vietagar\library\Zend\Db\Adapter\Abstract.php(479): Zend_Db_Statement->execute(Array)
#2 C:\xampp\htdocs\vietagar\library\Zend\Db\Adapter\Pdo\Abstract.php(238): Zend_Db_Adapter_Abstract->query('INSERT INTO `qu...', Array)
#3 C:\xampp\htdocs\vietagar\library\Zend\Db\Adapter\Abstract.php(575): Zend_Db_Adapter_Pdo_Abstract->query('INSERT INTO `qu...', Array)
#4 C:\xampp\htdocs\vietagar\library\Zend\Db\Table\Abstract.php(1077): Zend_Db_Adapter_Abstract->insert('question', Array)
#5 C:\xampp\htdocs\vietagar\library\Core\Db\Table\Abstract.php(281): Zend_Db_Table_Abstract->insert(Array)
#6 C:\xampp\htdocs\vietagar\application\modules\admin\controllers\QuestionController.php(45): Core_Db_Table_Abstract->insert(Array)
#7 C:\xampp\htdocs\vietagar\application\modules\admin\controllers\QuestionController.php(101): Admin_QuestionController->sheetData(Array)
#8 C:\xampp\htdocs\vietagar\application\modules\admin\controllers\QuestionController.php(118): Admin_QuestionController->importExcel('516Cauhoitracng...')
#9 C:\xampp\htdocs\vietagar\library\Zend\Controller\Action.php(516): Admin_QuestionController->indexAction()
#10 C:\xampp\htdocs\vietagar\library\Zend\Controller\Dispatcher\Standard.php(295): Zend_Controller_Action->dispatch('indexAction')
#11 C:\xampp\htdocs\vietagar\library\Zend\Controller\Front.php(954): Zend_Controller_Dispatcher_Standard->dispatch(Object(Zend_Controller_Request_Http), Object(Zend_Controller_Response_Http))
#12 C:\xampp\htdocs\vietagar\library\Zend\Application\Bootstrap\Bootstrap.php(97): Zend_Controller_Front->dispatch()
#13 C:\xampp\htdocs\vietagar\library\Zend\Application.php(366): Zend_Application_Bootstrap_Bootstrap->run()
#14 C:\xampp\htdocs\vietagar\public\index.php(33): Zend_Application->run()
#15 {main}
2017-08-10T11:10:38+07:00 ERR (3): PDOException: SQLSTATE[23000]: Integrity constraint violation: 1048 Column 'content' cannot be null in C:\xampp\htdocs\vietagar\library\Zend\Db\Statement\Pdo.php:228
Stack trace:
#0 C:\xampp\htdocs\vietagar\library\Zend\Db\Statement\Pdo.php(228): PDOStatement->execute(Array)
#1 C:\xampp\htdocs\vietagar\library\Zend\Db\Statement.php(300): Zend_Db_Statement_Pdo->_execute(Array)
#2 C:\xampp\htdocs\vietagar\library\Zend\Db\Adapter\Abstract.php(479): Zend_Db_Statement->execute(Array)
#3 C:\xampp\htdocs\vietagar\library\Zend\Db\Adapter\Pdo\Abstract.php(238): Zend_Db_Adapter_Abstract->query('INSERT INTO `an...', Array)
#4 C:\xampp\htdocs\vietagar\library\Zend\Db\Adapter\Abstract.php(575): Zend_Db_Adapter_Pdo_Abstract->query('INSERT INTO `an...', Array)
#5 C:\xampp\htdocs\vietagar\library\Zend\Db\Table\Abstract.php(1077): Zend_Db_Adapter_Abstract->insert('answer', Array)
#6 C:\xampp\htdocs\vietagar\library\Core\Db\Table\Abstract.php(281): Zend_Db_Table_Abstract->insert(Array)
#7 C:\xampp\htdocs\vietagar\application\modules\admin\controllers\QuestionController.php(78): Core_Db_Table_Abstract->insert(Array)
#8 C:\xampp\htdocs\vietagar\application\modules\admin\controllers\QuestionController.php(101): Admin_QuestionController->sheetData(Array)
#9 C:\xampp\htdocs\vietagar\application\modules\admin\controllers\QuestionController.php(118): Admin_QuestionController->importExcel('516Cauhoitracng...')
#10 C:\xampp\htdocs\vietagar\library\Zend\Controller\Action.php(516): Admin_QuestionController->indexAction()
#11 C:\xampp\htdocs\vietagar\library\Zend\Controller\Dispatcher\Standard.php(295): Zend_Controller_Action->dispatch('indexAction')
#12 C:\xampp\htdocs\vietagar\library\Zend\Controller\Front.php(954): Zend_Controller_Dispatcher_Standard->dispatch(Object(Zend_Controller_Request_Http), Object(Zend_Controller_Response_Http))
#13 C:\xampp\htdocs\vietagar\library\Zend\Application\Bootstrap\Bootstrap.php(97): Zend_Controller_Front->dispatch()
#14 C:\xampp\htdocs\vietagar\library\Zend\Application.php(366): Zend_Application_Bootstrap_Bootstrap->run()
#15 C:\xampp\htdocs\vietagar\public\index.php(33): Zend_Application->run()
#16 {main}

Next Zend_Db_Statement_Exception: SQLSTATE[23000]: Integrity constraint violation: 1048 Column 'content' cannot be null in C:\xampp\htdocs\vietagar\library\Zend\Db\Statement\Pdo.php:234
Stack trace:
#0 C:\xampp\htdocs\vietagar\library\Zend\Db\Statement.php(300): Zend_Db_Statement_Pdo->_execute(Array)
#1 C:\xampp\htdocs\vietagar\library\Zend\Db\Adapter\Abstract.php(479): Zend_Db_Statement->execute(Array)
#2 C:\xampp\htdocs\vietagar\library\Zend\Db\Adapter\Pdo\Abstract.php(238): Zend_Db_Adapter_Abstract->query('INSERT INTO `an...', Array)
#3 C:\xampp\htdocs\vietagar\library\Zend\Db\Adapter\Abstract.php(575): Zend_Db_Adapter_Pdo_Abstract->query('INSERT INTO `an...', Array)
#4 C:\xampp\htdocs\vietagar\library\Zend\Db\Table\Abstract.php(1077): Zend_Db_Adapter_Abstract->insert('answer', Array)
#5 C:\xampp\htdocs\vietagar\library\Core\Db\Table\Abstract.php(281): Zend_Db_Table_Abstract->insert(Array)
#6 C:\xampp\htdocs\vietagar\application\modules\admin\controllers\QuestionController.php(78): Core_Db_Table_Abstract->insert(Array)
#7 C:\xampp\htdocs\vietagar\application\modules\admin\controllers\QuestionController.php(101): Admin_QuestionController->sheetData(Array)
#8 C:\xampp\htdocs\vietagar\application\modules\admin\controllers\QuestionController.php(118): Admin_QuestionController->importExcel('516Cauhoitracng...')
#9 C:\xampp\htdocs\vietagar\library\Zend\Controller\Action.php(516): Admin_QuestionController->indexAction()
#10 C:\xampp\htdocs\vietagar\library\Zend\Controller\Dispatcher\Standard.php(295): Zend_Controller_Action->dispatch('indexAction')
#11 C:\xampp\htdocs\vietagar\library\Zend\Controller\Front.php(954): Zend_Controller_Dispatcher_Standard->dispatch(Object(Zend_Controller_Request_Http), Object(Zend_Controller_Response_Http))
#12 C:\xampp\htdocs\vietagar\library\Zend\Application\Bootstrap\Bootstrap.php(97): Zend_Controller_Front->dispatch()
#13 C:\xampp\htdocs\vietagar\library\Zend\Application.php(366): Zend_Application_Bootstrap_Bootstrap->run()
#14 C:\xampp\htdocs\vietagar\public\index.php(33): Zend_Application->run()
#15 {main}
2017-08-10T11:10:38+07:00 ERR (3): PDOException: SQLSTATE[23000]: Integrity constraint violation: 1048 Column 'content' cannot be null in C:\xampp\htdocs\vietagar\library\Zend\Db\Statement\Pdo.php:228
Stack trace:
#0 C:\xampp\htdocs\vietagar\library\Zend\Db\Statement\Pdo.php(228): PDOStatement->execute(Array)
#1 C:\xampp\htdocs\vietagar\library\Zend\Db\Statement.php(300): Zend_Db_Statement_Pdo->_execute(Array)
#2 C:\xampp\htdocs\vietagar\library\Zend\Db\Adapter\Abstract.php(479): Zend_Db_Statement->execute(Array)
#3 C:\xampp\htdocs\vietagar\library\Zend\Db\Adapter\Pdo\Abstract.php(238): Zend_Db_Adapter_Abstract->query('INSERT INTO `an...', Array)
#4 C:\xampp\htdocs\vietagar\library\Zend\Db\Adapter\Abstract.php(575): Zend_Db_Adapter_Pdo_Abstract->query('INSERT INTO `an...', Array)
#5 C:\xampp\htdocs\vietagar\library\Zend\Db\Table\Abstract.php(1077): Zend_Db_Adapter_Abstract->insert('answer', Array)
#6 C:\xampp\htdocs\vietagar\library\Core\Db\Table\Abstract.php(281): Zend_Db_Table_Abstract->insert(Array)
#7 C:\xampp\htdocs\vietagar\application\modules\admin\controllers\QuestionController.php(78): Core_Db_Table_Abstract->insert(Array)
#8 C:\xampp\htdocs\vietagar\application\modules\admin\controllers\QuestionController.php(101): Admin_QuestionController->sheetData(Array)
#9 C:\xampp\htdocs\vietagar\application\modules\admin\controllers\QuestionController.php(118): Admin_QuestionController->importExcel('516Cauhoitracng...')
#10 C:\xampp\htdocs\vietagar\library\Zend\Controller\Action.php(516): Admin_QuestionController->indexAction()
#11 C:\xampp\htdocs\vietagar\library\Zend\Controller\Dispatcher\Standard.php(295): Zend_Controller_Action->dispatch('indexAction')
#12 C:\xampp\htdocs\vietagar\library\Zend\Controller\Front.php(954): Zend_Controller_Dispatcher_Standard->dispatch(Object(Zend_Controller_Request_Http), Object(Zend_Controller_Response_Http))
#13 C:\xampp\htdocs\vietagar\library\Zend\Application\Bootstrap\Bootstrap.php(97): Zend_Controller_Front->dispatch()
#14 C:\xampp\htdocs\vietagar\library\Zend\Application.php(366): Zend_Application_Bootstrap_Bootstrap->run()
#15 C:\xampp\htdocs\vietagar\public\index.php(33): Zend_Application->run()
#16 {main}

Next Zend_Db_Statement_Exception: SQLSTATE[23000]: Integrity constraint violation: 1048 Column 'content' cannot be null in C:\xampp\htdocs\vietagar\library\Zend\Db\Statement\Pdo.php:234
Stack trace:
#0 C:\xampp\htdocs\vietagar\library\Zend\Db\Statement.php(300): Zend_Db_Statement_Pdo->_execute(Array)
#1 C:\xampp\htdocs\vietagar\library\Zend\Db\Adapter\Abstract.php(479): Zend_Db_Statement->execute(Array)
#2 C:\xampp\htdocs\vietagar\library\Zend\Db\Adapter\Pdo\Abstract.php(238): Zend_Db_Adapter_Abstract->query('INSERT INTO `an...', Array)
#3 C:\xampp\htdocs\vietagar\library\Zend\Db\Adapter\Abstract.php(575): Zend_Db_Adapter_Pdo_Abstract->query('INSERT INTO `an...', Array)
#4 C:\xampp\htdocs\vietagar\library\Zend\Db\Table\Abstract.php(1077): Zend_Db_Adapter_Abstract->insert('answer', Array)
#5 C:\xampp\htdocs\vietagar\library\Core\Db\Table\Abstract.php(281): Zend_Db_Table_Abstract->insert(Array)
#6 C:\xampp\htdocs\vietagar\application\modules\admin\controllers\QuestionController.php(78): Core_Db_Table_Abstract->insert(Array)
#7 C:\xampp\htdocs\vietagar\application\modules\admin\controllers\QuestionController.php(101): Admin_QuestionController->sheetData(Array)
#8 C:\xampp\htdocs\vietagar\application\modules\admin\controllers\QuestionController.php(118): Admin_QuestionController->importExcel('516Cauhoitracng...')
#9 C:\xampp\htdocs\vietagar\library\Zend\Controller\Action.php(516): Admin_QuestionController->indexAction()
#10 C:\xampp\htdocs\vietagar\library\Zend\Controller\Dispatcher\Standard.php(295): Zend_Controller_Action->dispatch('indexAction')
#11 C:\xampp\htdocs\vietagar\library\Zend\Controller\Front.php(954): Zend_Controller_Dispatcher_Standard->dispatch(Object(Zend_Controller_Request_Http), Object(Zend_Controller_Response_Http))
#12 C:\xampp\htdocs\vietagar\library\Zend\Application\Bootstrap\Bootstrap.php(97): Zend_Controller_Front->dispatch()
#13 C:\xampp\htdocs\vietagar\library\Zend\Application.php(366): Zend_Application_Bootstrap_Bootstrap->run()
#14 C:\xampp\htdocs\vietagar\public\index.php(33): Zend_Application->run()
#15 {main}
2017-08-10T11:10:38+07:00 ERR (3): PDOException: SQLSTATE[23000]: Integrity constraint violation: 1048 Column 'content' cannot be null in C:\xampp\htdocs\vietagar\library\Zend\Db\Statement\Pdo.php:228
Stack trace:
#0 C:\xampp\htdocs\vietagar\library\Zend\Db\Statement\Pdo.php(228): PDOStatement->execute(Array)
#1 C:\xampp\htdocs\vietagar\library\Zend\Db\Statement.php(300): Zend_Db_Statement_Pdo->_execute(Array)
#2 C:\xampp\htdocs\vietagar\library\Zend\Db\Adapter\Abstract.php(479): Zend_Db_Statement->execute(Array)
#3 C:\xampp\htdocs\vietagar\library\Zend\Db\Adapter\Pdo\Abstract.php(238): Zend_Db_Adapter_Abstract->query('INSERT INTO `an...', Array)
#4 C:\xampp\htdocs\vietagar\library\Zend\Db\Adapter\Abstract.php(575): Zend_Db_Adapter_Pdo_Abstract->query('INSERT INTO `an...', Array)
#5 C:\xampp\htdocs\vietagar\library\Zend\Db\Table\Abstract.php(1077): Zend_Db_Adapter_Abstract->insert('answer', Array)
#6 C:\xampp\htdocs\vietagar\library\Core\Db\Table\Abstract.php(281): Zend_Db_Table_Abstract->insert(Array)
#7 C:\xampp\htdocs\vietagar\application\modules\admin\controllers\QuestionController.php(78): Core_Db_Table_Abstract->insert(Array)
#8 C:\xampp\htdocs\vietagar\application\modules\admin\controllers\QuestionController.php(101): Admin_QuestionController->sheetData(Array)
#9 C:\xampp\htdocs\vietagar\application\modules\admin\controllers\QuestionController.php(118): Admin_QuestionController->importExcel('516Cauhoitracng...')
#10 C:\xampp\htdocs\vietagar\library\Zend\Controller\Action.php(516): Admin_QuestionController->indexAction()
#11 C:\xampp\htdocs\vietagar\library\Zend\Controller\Dispatcher\Standard.php(295): Zend_Controller_Action->dispatch('indexAction')
#12 C:\xampp\htdocs\vietagar\library\Zend\Controller\Front.php(954): Zend_Controller_Dispatcher_Standard->dispatch(Object(Zend_Controller_Request_Http), Object(Zend_Controller_Response_Http))
#13 C:\xampp\htdocs\vietagar\library\Zend\Application\Bootstrap\Bootstrap.php(97): Zend_Controller_Front->dispatch()
#14 C:\xampp\htdocs\vietagar\library\Zend\Application.php(366): Zend_Application_Bootstrap_Bootstrap->run()
#15 C:\xampp\htdocs\vietagar\public\index.php(33): Zend_Application->run()
#16 {main}

Next Zend_Db_Statement_Exception: SQLSTATE[23000]: Integrity constraint violation: 1048 Column 'content' cannot be null in C:\xampp\htdocs\vietagar\library\Zend\Db\Statement\Pdo.php:234
Stack trace:
#0 C:\xampp\htdocs\vietagar\library\Zend\Db\Statement.php(300): Zend_Db_Statement_Pdo->_execute(Array)
#1 C:\xampp\htdocs\vietagar\library\Zend\Db\Adapter\Abstract.php(479): Zend_Db_Statement->execute(Array)
#2 C:\xampp\htdocs\vietagar\library\Zend\Db\Adapter\Pdo\Abstract.php(238): Zend_Db_Adapter_Abstract->query('INSERT INTO `an...', Array)
#3 C:\xampp\htdocs\vietagar\library\Zend\Db\Adapter\Abstract.php(575): Zend_Db_Adapter_Pdo_Abstract->query('INSERT INTO `an...', Array)
#4 C:\xampp\htdocs\vietagar\library\Zend\Db\Table\Abstract.php(1077): Zend_Db_Adapter_Abstract->insert('answer', Array)
#5 C:\xampp\htdocs\vietagar\library\Core\Db\Table\Abstract.php(281): Zend_Db_Table_Abstract->insert(Array)
#6 C:\xampp\htdocs\vietagar\application\modules\admin\controllers\QuestionController.php(78): Core_Db_Table_Abstract->insert(Array)
#7 C:\xampp\htdocs\vietagar\application\modules\admin\controllers\QuestionController.php(101): Admin_QuestionController->sheetData(Array)
#8 C:\xampp\htdocs\vietagar\application\modules\admin\controllers\QuestionController.php(118): Admin_QuestionController->importExcel('516Cauhoitracng...')
#9 C:\xampp\htdocs\vietagar\library\Zend\Controller\Action.php(516): Admin_QuestionController->indexAction()
#10 C:\xampp\htdocs\vietagar\library\Zend\Controller\Dispatcher\Standard.php(295): Zend_Controller_Action->dispatch('indexAction')
#11 C:\xampp\htdocs\vietagar\library\Zend\Controller\Front.php(954): Zend_Controller_Dispatcher_Standard->dispatch(Object(Zend_Controller_Request_Http), Object(Zend_Controller_Response_Http))
#12 C:\xampp\htdocs\vietagar\library\Zend\Application\Bootstrap\Bootstrap.php(97): Zend_Controller_Front->dispatch()
#13 C:\xampp\htdocs\vietagar\library\Zend\Application.php(366): Zend_Application_Bootstrap_Bootstrap->run()
#14 C:\xampp\htdocs\vietagar\public\index.php(33): Zend_Application->run()
#15 {main}
2017-08-10T11:10:38+07:00 ERR (3): PDOException: SQLSTATE[23000]: Integrity constraint violation: 1048 Column 'content' cannot be null in C:\xampp\htdocs\vietagar\library\Zend\Db\Statement\Pdo.php:228
Stack trace:
#0 C:\xampp\htdocs\vietagar\library\Zend\Db\Statement\Pdo.php(228): PDOStatement->execute(Array)
#1 C:\xampp\htdocs\vietagar\library\Zend\Db\Statement.php(300): Zend_Db_Statement_Pdo->_execute(Array)
#2 C:\xampp\htdocs\vietagar\library\Zend\Db\Adapter\Abstract.php(479): Zend_Db_Statement->execute(Array)
#3 C:\xampp\htdocs\vietagar\library\Zend\Db\Adapter\Pdo\Abstract.php(238): Zend_Db_Adapter_Abstract->query('INSERT INTO `an...', Array)
#4 C:\xampp\htdocs\vietagar\library\Zend\Db\Adapter\Abstract.php(575): Zend_Db_Adapter_Pdo_Abstract->query('INSERT INTO `an...', Array)
#5 C:\xampp\htdocs\vietagar\library\Zend\Db\Table\Abstract.php(1077): Zend_Db_Adapter_Abstract->insert('answer', Array)
#6 C:\xampp\htdocs\vietagar\library\Core\Db\Table\Abstract.php(281): Zend_Db_Table_Abstract->insert(Array)
#7 C:\xampp\htdocs\vietagar\application\modules\admin\controllers\QuestionController.php(78): Core_Db_Table_Abstract->insert(Array)
#8 C:\xampp\htdocs\vietagar\application\modules\admin\controllers\QuestionController.php(101): Admin_QuestionController->sheetData(Array)
#9 C:\xampp\htdocs\vietagar\application\modules\admin\controllers\QuestionController.php(118): Admin_QuestionController->importExcel('516Cauhoitracng...')
#10 C:\xampp\htdocs\vietagar\library\Zend\Controller\Action.php(516): Admin_QuestionController->indexAction()
#11 C:\xampp\htdocs\vietagar\library\Zend\Controller\Dispatcher\Standard.php(295): Zend_Controller_Action->dispatch('indexAction')
#12 C:\xampp\htdocs\vietagar\library\Zend\Controller\Front.php(954): Zend_Controller_Dispatcher_Standard->dispatch(Object(Zend_Controller_Request_Http), Object(Zend_Controller_Response_Http))
#13 C:\xampp\htdocs\vietagar\library\Zend\Application\Bootstrap\Bootstrap.php(97): Zend_Controller_Front->dispatch()
#14 C:\xampp\htdocs\vietagar\library\Zend\Application.php(366): Zend_Application_Bootstrap_Bootstrap->run()
#15 C:\xampp\htdocs\vietagar\public\index.php(33): Zend_Application->run()
#16 {main}

Next Zend_Db_Statement_Exception: SQLSTATE[23000]: Integrity constraint violation: 1048 Column 'content' cannot be null in C:\xampp\htdocs\vietagar\library\Zend\Db\Statement\Pdo.php:234
Stack trace:
#0 C:\xampp\htdocs\vietagar\library\Zend\Db\Statement.php(300): Zend_Db_Statement_Pdo->_execute(Array)
#1 C:\xampp\htdocs\vietagar\library\Zend\Db\Adapter\Abstract.php(479): Zend_Db_Statement->execute(Array)
#2 C:\xampp\htdocs\vietagar\library\Zend\Db\Adapter\Pdo\Abstract.php(238): Zend_Db_Adapter_Abstract->query('INSERT INTO `an...', Array)
#3 C:\xampp\htdocs\vietagar\library\Zend\Db\Adapter\Abstract.php(575): Zend_Db_Adapter_Pdo_Abstract->query('INSERT INTO `an...', Array)
#4 C:\xampp\htdocs\vietagar\library\Zend\Db\Table\Abstract.php(1077): Zend_Db_Adapter_Abstract->insert('answer', Array)
#5 C:\xampp\htdocs\vietagar\library\Core\Db\Table\Abstract.php(281): Zend_Db_Table_Abstract->insert(Array)
#6 C:\xampp\htdocs\vietagar\application\modules\admin\controllers\QuestionController.php(78): Core_Db_Table_Abstract->insert(Array)
#7 C:\xampp\htdocs\vietagar\application\modules\admin\controllers\QuestionController.php(101): Admin_QuestionController->sheetData(Array)
#8 C:\xampp\htdocs\vietagar\application\modules\admin\controllers\QuestionController.php(118): Admin_QuestionController->importExcel('516Cauhoitracng...')
#9 C:\xampp\htdocs\vietagar\library\Zend\Controller\Action.php(516): Admin_QuestionController->indexAction()
#10 C:\xampp\htdocs\vietagar\library\Zend\Controller\Dispatcher\Standard.php(295): Zend_Controller_Action->dispatch('indexAction')
#11 C:\xampp\htdocs\vietagar\library\Zend\Controller\Front.php(954): Zend_Controller_Dispatcher_Standard->dispatch(Object(Zend_Controller_Request_Http), Object(Zend_Controller_Response_Http))
#12 C:\xampp\htdocs\vietagar\library\Zend\Application\Bootstrap\Bootstrap.php(97): Zend_Controller_Front->dispatch()
#13 C:\xampp\htdocs\vietagar\library\Zend\Application.php(366): Zend_Application_Bootstrap_Bootstrap->run()
#14 C:\xampp\htdocs\vietagar\public\index.php(33): Zend_Application->run()
#15 {main}
2017-08-10T11:44:01+07:00 ERR (3): Zend_Db_Table_Exception: A table must have a primary key, but none was found in C:\xampp\htdocs\vietagar\library\Zend\Db\Table\Abstract.php:889
Stack trace:
#0 C:\xampp\htdocs\vietagar\library\Core\Db\Table\Abstract.php(75): Zend_Db_Table_Abstract->_setupPrimaryKey()
#1 C:\xampp\htdocs\vietagar\library\Core\Db\Table\Abstract.php(259): Core_Db_Table_Abstract->info('metadata')
#2 C:\xampp\htdocs\vietagar\library\Core\Db\Table\Abstract.php(280): Core_Db_Table_Abstract->_prepareDataForTable(Array)
#3 C:\xampp\htdocs\vietagar\application\modules\default\controllers\ThiController.php(56): Core_Db_Table_Abstract->insert(Array)
#4 C:\xampp\htdocs\vietagar\application\modules\default\controllers\ThiController.php(65): ThiController->saveDB(Array)
#5 C:\xampp\htdocs\vietagar\library\Zend\Controller\Action.php(516): ThiController->indexAction()
#6 C:\xampp\htdocs\vietagar\library\Zend\Controller\Dispatcher\Standard.php(295): Zend_Controller_Action->dispatch('indexAction')
#7 C:\xampp\htdocs\vietagar\library\Zend\Controller\Front.php(954): Zend_Controller_Dispatcher_Standard->dispatch(Object(Zend_Controller_Request_Http), Object(Zend_Controller_Response_Http))
#8 C:\xampp\htdocs\vietagar\library\Zend\Application\Bootstrap\Bootstrap.php(97): Zend_Controller_Front->dispatch()
#9 C:\xampp\htdocs\vietagar\library\Zend\Application.php(366): Zend_Application_Bootstrap_Bootstrap->run()
#10 C:\xampp\htdocs\vietagar\public\index.php(33): Zend_Application->run()
#11 {main}
2017-08-10T11:49:33+07:00 ERR (3): Zend_Db_Table_Exception: A table must have a primary key, but none was found in C:\xampp\htdocs\vietagar\library\Zend\Db\Table\Abstract.php:889
Stack trace:
#0 C:\xampp\htdocs\vietagar\library\Core\Db\Table\Abstract.php(75): Zend_Db_Table_Abstract->_setupPrimaryKey()
#1 C:\xampp\htdocs\vietagar\library\Core\Db\Table\Abstract.php(259): Core_Db_Table_Abstract->info('metadata')
#2 C:\xampp\htdocs\vietagar\library\Core\Db\Table\Abstract.php(280): Core_Db_Table_Abstract->_prepareDataForTable(Array)
#3 C:\xampp\htdocs\vietagar\application\modules\default\controllers\ThiController.php(59): Core_Db_Table_Abstract->insert(Array)
#4 C:\xampp\htdocs\vietagar\application\modules\default\controllers\ThiController.php(68): ThiController->saveDB(Array)
#5 C:\xampp\htdocs\vietagar\library\Zend\Controller\Action.php(516): ThiController->indexAction()
#6 C:\xampp\htdocs\vietagar\library\Zend\Controller\Dispatcher\Standard.php(295): Zend_Controller_Action->dispatch('indexAction')
#7 C:\xampp\htdocs\vietagar\library\Zend\Controller\Front.php(954): Zend_Controller_Dispatcher_Standard->dispatch(Object(Zend_Controller_Request_Http), Object(Zend_Controller_Response_Http))
#8 C:\xampp\htdocs\vietagar\library\Zend\Application\Bootstrap\Bootstrap.php(97): Zend_Controller_Front->dispatch()
#9 C:\xampp\htdocs\vietagar\library\Zend\Application.php(366): Zend_Application_Bootstrap_Bootstrap->run()
#10 C:\xampp\htdocs\vietagar\public\index.php(33): Zend_Application->run()
#11 {main}
2017-08-10T11:51:38+07:00 ERR (3): Zend_Db_Table_Exception: A table must have a primary key, but none was found in C:\xampp\htdocs\vietagar\library\Zend\Db\Table\Abstract.php:889
Stack trace:
#0 C:\xampp\htdocs\vietagar\library\Core\Db\Table\Abstract.php(75): Zend_Db_Table_Abstract->_setupPrimaryKey()
#1 C:\xampp\htdocs\vietagar\library\Core\Db\Table\Abstract.php(259): Core_Db_Table_Abstract->info('metadata')
#2 C:\xampp\htdocs\vietagar\library\Core\Db\Table\Abstract.php(280): Core_Db_Table_Abstract->_prepareDataForTable(Array)
#3 C:\xampp\htdocs\vietagar\application\modules\default\controllers\ThiController.php(59): Core_Db_Table_Abstract->insert(Array)
#4 C:\xampp\htdocs\vietagar\application\modules\default\controllers\ThiController.php(75): ThiController->saveDB(Array)
#5 C:\xampp\htdocs\vietagar\library\Zend\Controller\Action.php(516): ThiController->indexAction()
#6 C:\xampp\htdocs\vietagar\library\Zend\Controller\Dispatcher\Standard.php(295): Zend_Controller_Action->dispatch('indexAction')
#7 C:\xampp\htdocs\vietagar\library\Zend\Controller\Front.php(954): Zend_Controller_Dispatcher_Standard->dispatch(Object(Zend_Controller_Request_Http), Object(Zend_Controller_Response_Http))
#8 C:\xampp\htdocs\vietagar\library\Zend\Application\Bootstrap\Bootstrap.php(97): Zend_Controller_Front->dispatch()
#9 C:\xampp\htdocs\vietagar\library\Zend\Application.php(366): Zend_Application_Bootstrap_Bootstrap->run()
#10 C:\xampp\htdocs\vietagar\public\index.php(33): Zend_Application->run()
#11 {main}
2017-08-10T11:51:38+07:00 ERR (3): Zend_Db_Table_Exception: A table must have a primary key, but none was found in C:\xampp\htdocs\vietagar\library\Zend\Db\Table\Abstract.php:889
Stack trace:
#0 C:\xampp\htdocs\vietagar\library\Core\Db\Table\Abstract.php(75): Zend_Db_Table_Abstract->_setupPrimaryKey()
#1 C:\xampp\htdocs\vietagar\library\Core\Db\Table\Abstract.php(259): Core_Db_Table_Abstract->info('metadata')
#2 C:\xampp\htdocs\vietagar\library\Core\Db\Table\Abstract.php(280): Core_Db_Table_Abstract->_prepareDataForTable(Array)
#3 C:\xampp\htdocs\vietagar\application\modules\default\controllers\ThiController.php(67): Core_Db_Table_Abstract->insert(Array)
#4 C:\xampp\htdocs\vietagar\application\modules\default\controllers\ThiController.php(75): ThiController->saveDB(Array)
#5 C:\xampp\htdocs\vietagar\library\Zend\Controller\Action.php(516): ThiController->indexAction()
#6 C:\xampp\htdocs\vietagar\library\Zend\Controller\Dispatcher\Standard.php(295): Zend_Controller_Action->dispatch('indexAction')
#7 C:\xampp\htdocs\vietagar\library\Zend\Controller\Front.php(954): Zend_Controller_Dispatcher_Standard->dispatch(Object(Zend_Controller_Request_Http), Object(Zend_Controller_Response_Http))
#8 C:\xampp\htdocs\vietagar\library\Zend\Application\Bootstrap\Bootstrap.php(97): Zend_Controller_Front->dispatch()
#9 C:\xampp\htdocs\vietagar\library\Zend\Application.php(366): Zend_Application_Bootstrap_Bootstrap->run()
#10 C:\xampp\htdocs\vietagar\public\index.php(33): Zend_Application->run()
#11 {main}
2017-08-10T11:53:00+07:00 ERR (3): Zend_Db_Table_Exception: A table must have a primary key, but none was found in C:\xampp\htdocs\vietagar\library\Zend\Db\Table\Abstract.php:889
Stack trace:
#0 C:\xampp\htdocs\vietagar\library\Core\Db\Table\Abstract.php(75): Zend_Db_Table_Abstract->_setupPrimaryKey()
#1 C:\xampp\htdocs\vietagar\library\Core\Db\Table\Abstract.php(259): Core_Db_Table_Abstract->info('metadata')
#2 C:\xampp\htdocs\vietagar\library\Core\Db\Table\Abstract.php(280): Core_Db_Table_Abstract->_prepareDataForTable(Array)
#3 C:\xampp\htdocs\vietagar\application\modules\default\controllers\ThiController.php(59): Core_Db_Table_Abstract->insert(Array)
#4 C:\xampp\htdocs\vietagar\application\modules\default\controllers\ThiController.php(82): ThiController->saveDB(Array)
#5 C:\xampp\htdocs\vietagar\library\Zend\Controller\Action.php(516): ThiController->indexAction()
#6 C:\xampp\htdocs\vietagar\library\Zend\Controller\Dispatcher\Standard.php(295): Zend_Controller_Action->dispatch('indexAction')
#7 C:\xampp\htdocs\vietagar\library\Zend\Controller\Front.php(954): Zend_Controller_Dispatcher_Standard->dispatch(Object(Zend_Controller_Request_Http), Object(Zend_Controller_Response_Http))
#8 C:\xampp\htdocs\vietagar\library\Zend\Application\Bootstrap\Bootstrap.php(97): Zend_Controller_Front->dispatch()
#9 C:\xampp\htdocs\vietagar\library\Zend\Application.php(366): Zend_Application_Bootstrap_Bootstrap->run()
#10 C:\xampp\htdocs\vietagar\public\index.php(33): Zend_Application->run()
#11 {main}
2017-08-10T11:53:00+07:00 ERR (3): Zend_Db_Table_Exception: A table must have a primary key, but none was found in C:\xampp\htdocs\vietagar\library\Zend\Db\Table\Abstract.php:889
Stack trace:
#0 C:\xampp\htdocs\vietagar\library\Core\Db\Table\Abstract.php(75): Zend_Db_Table_Abstract->_setupPrimaryKey()
#1 C:\xampp\htdocs\vietagar\library\Core\Db\Table\Abstract.php(259): Core_Db_Table_Abstract->info('metadata')
#2 C:\xampp\htdocs\vietagar\library\Core\Db\Table\Abstract.php(280): Core_Db_Table_Abstract->_prepareDataForTable(Array)
#3 C:\xampp\htdocs\vietagar\application\modules\default\controllers\ThiController.php(67): Core_Db_Table_Abstract->insert(Array)
#4 C:\xampp\htdocs\vietagar\application\modules\default\controllers\ThiController.php(82): ThiController->saveDB(Array)
#5 C:\xampp\htdocs\vietagar\library\Zend\Controller\Action.php(516): ThiController->indexAction()
#6 C:\xampp\htdocs\vietagar\library\Zend\Controller\Dispatcher\Standard.php(295): Zend_Controller_Action->dispatch('indexAction')
#7 C:\xampp\htdocs\vietagar\library\Zend\Controller\Front.php(954): Zend_Controller_Dispatcher_Standard->dispatch(Object(Zend_Controller_Request_Http), Object(Zend_Controller_Response_Http))
#8 C:\xampp\htdocs\vietagar\library\Zend\Application\Bootstrap\Bootstrap.php(97): Zend_Controller_Front->dispatch()
#9 C:\xampp\htdocs\vietagar\library\Zend\Application.php(366): Zend_Application_Bootstrap_Bootstrap->run()
#10 C:\xampp\htdocs\vietagar\public\index.php(33): Zend_Application->run()
#11 {main}
2017-08-10T15:10:35+07:00 ERR (3): PDOException: SQLSTATE[23000]: Integrity constraint violation: 1048 Column 'content' cannot be null in C:\xampp\htdocs\vietagar\library\Zend\Db\Statement\Pdo.php:228
Stack trace:
#0 C:\xampp\htdocs\vietagar\library\Zend\Db\Statement\Pdo.php(228): PDOStatement->execute(Array)
#1 C:\xampp\htdocs\vietagar\library\Zend\Db\Statement.php(300): Zend_Db_Statement_Pdo->_execute(Array)
#2 C:\xampp\htdocs\vietagar\library\Zend\Db\Adapter\Abstract.php(479): Zend_Db_Statement->execute(Array)
#3 C:\xampp\htdocs\vietagar\library\Zend\Db\Adapter\Pdo\Abstract.php(238): Zend_Db_Adapter_Abstract->query('INSERT INTO `qu...', Array)
#4 C:\xampp\htdocs\vietagar\library\Zend\Db\Adapter\Abstract.php(575): Zend_Db_Adapter_Pdo_Abstract->query('INSERT INTO `qu...', Array)
#5 C:\xampp\htdocs\vietagar\library\Zend\Db\Table\Abstract.php(1077): Zend_Db_Adapter_Abstract->insert('question', Array)
#6 C:\xampp\htdocs\vietagar\library\Core\Db\Table\Abstract.php(281): Zend_Db_Table_Abstract->insert(Array)
#7 C:\xampp\htdocs\vietagar\application\modules\admin\controllers\QuestionController.php(45): Core_Db_Table_Abstract->insert(Array)
#8 C:\xampp\htdocs\vietagar\application\modules\admin\controllers\QuestionController.php(101): Admin_QuestionController->sheetData(Array)
#9 C:\xampp\htdocs\vietagar\application\modules\admin\controllers\QuestionController.php(118): Admin_QuestionController->importExcel('516Cauhoitracng...')
#10 C:\xampp\htdocs\vietagar\library\Zend\Controller\Action.php(516): Admin_QuestionController->indexAction()
#11 C:\xampp\htdocs\vietagar\library\Zend\Controller\Dispatcher\Standard.php(295): Zend_Controller_Action->dispatch('indexAction')
#12 C:\xampp\htdocs\vietagar\library\Zend\Controller\Front.php(954): Zend_Controller_Dispatcher_Standard->dispatch(Object(Zend_Controller_Request_Http), Object(Zend_Controller_Response_Http))
#13 C:\xampp\htdocs\vietagar\library\Zend\Application\Bootstrap\Bootstrap.php(97): Zend_Controller_Front->dispatch()
#14 C:\xampp\htdocs\vietagar\library\Zend\Application.php(366): Zend_Application_Bootstrap_Bootstrap->run()
#15 C:\xampp\htdocs\vietagar\public\index.php(33): Zend_Application->run()
#16 {main}

Next Zend_Db_Statement_Exception: SQLSTATE[23000]: Integrity constraint violation: 1048 Column 'content' cannot be null in C:\xampp\htdocs\vietagar\library\Zend\Db\Statement\Pdo.php:234
Stack trace:
#0 C:\xampp\htdocs\vietagar\library\Zend\Db\Statement.php(300): Zend_Db_Statement_Pdo->_execute(Array)
#1 C:\xampp\htdocs\vietagar\library\Zend\Db\Adapter\Abstract.php(479): Zend_Db_Statement->execute(Array)
#2 C:\xampp\htdocs\vietagar\library\Zend\Db\Adapter\Pdo\Abstract.php(238): Zend_Db_Adapter_Abstract->query('INSERT INTO `qu...', Array)
#3 C:\xampp\htdocs\vietagar\library\Zend\Db\Adapter\Abstract.php(575): Zend_Db_Adapter_Pdo_Abstract->query('INSERT INTO `qu...', Array)
#4 C:\xampp\htdocs\vietagar\library\Zend\Db\Table\Abstract.php(1077): Zend_Db_Adapter_Abstract->insert('question', Array)
#5 C:\xampp\htdocs\vietagar\library\Core\Db\Table\Abstract.php(281): Zend_Db_Table_Abstract->insert(Array)
#6 C:\xampp\htdocs\vietagar\application\modules\admin\controllers\QuestionController.php(45): Core_Db_Table_Abstract->insert(Array)
#7 C:\xampp\htdocs\vietagar\application\modules\admin\controllers\QuestionController.php(101): Admin_QuestionController->sheetData(Array)
#8 C:\xampp\htdocs\vietagar\application\modules\admin\controllers\QuestionController.php(118): Admin_QuestionController->importExcel('516Cauhoitracng...')
#9 C:\xampp\htdocs\vietagar\library\Zend\Controller\Action.php(516): Admin_QuestionController->indexAction()
#10 C:\xampp\htdocs\vietagar\library\Zend\Controller\Dispatcher\Standard.php(295): Zend_Controller_Action->dispatch('indexAction')
#11 C:\xampp\htdocs\vietagar\library\Zend\Controller\Front.php(954): Zend_Controller_Dispatcher_Standard->dispatch(Object(Zend_Controller_Request_Http), Object(Zend_Controller_Response_Http))
#12 C:\xampp\htdocs\vietagar\library\Zend\Application\Bootstrap\Bootstrap.php(97): Zend_Controller_Front->dispatch()
#13 C:\xampp\htdocs\vietagar\library\Zend\Application.php(366): Zend_Application_Bootstrap_Bootstrap->run()
#14 C:\xampp\htdocs\vietagar\public\index.php(33): Zend_Application->run()
#15 {main}
2017-08-10T15:10:35+07:00 ERR (3): PDOException: SQLSTATE[23000]: Integrity constraint violation: 1048 Column 'content' cannot be null in C:\xampp\htdocs\vietagar\library\Zend\Db\Statement\Pdo.php:228
Stack trace:
#0 C:\xampp\htdocs\vietagar\library\Zend\Db\Statement\Pdo.php(228): PDOStatement->execute(Array)
#1 C:\xampp\htdocs\vietagar\library\Zend\Db\Statement.php(300): Zend_Db_Statement_Pdo->_execute(Array)
#2 C:\xampp\htdocs\vietagar\library\Zend\Db\Adapter\Abstract.php(479): Zend_Db_Statement->execute(Array)
#3 C:\xampp\htdocs\vietagar\library\Zend\Db\Adapter\Pdo\Abstract.php(238): Zend_Db_Adapter_Abstract->query('INSERT INTO `an...', Array)
#4 C:\xampp\htdocs\vietagar\library\Zend\Db\Adapter\Abstract.php(575): Zend_Db_Adapter_Pdo_Abstract->query('INSERT INTO `an...', Array)
#5 C:\xampp\htdocs\vietagar\library\Zend\Db\Table\Abstract.php(1077): Zend_Db_Adapter_Abstract->insert('answer', Array)
#6 C:\xampp\htdocs\vietagar\library\Core\Db\Table\Abstract.php(281): Zend_Db_Table_Abstract->insert(Array)
#7 C:\xampp\htdocs\vietagar\application\modules\admin\controllers\QuestionController.php(78): Core_Db_Table_Abstract->insert(Array)
#8 C:\xampp\htdocs\vietagar\application\modules\admin\controllers\QuestionController.php(101): Admin_QuestionController->sheetData(Array)
#9 C:\xampp\htdocs\vietagar\application\modules\admin\controllers\QuestionController.php(118): Admin_QuestionController->importExcel('516Cauhoitracng...')
#10 C:\xampp\htdocs\vietagar\library\Zend\Controller\Action.php(516): Admin_QuestionController->indexAction()
#11 C:\xampp\htdocs\vietagar\library\Zend\Controller\Dispatcher\Standard.php(295): Zend_Controller_Action->dispatch('indexAction')
#12 C:\xampp\htdocs\vietagar\library\Zend\Controller\Front.php(954): Zend_Controller_Dispatcher_Standard->dispatch(Object(Zend_Controller_Request_Http), Object(Zend_Controller_Response_Http))
#13 C:\xampp\htdocs\vietagar\library\Zend\Application\Bootstrap\Bootstrap.php(97): Zend_Controller_Front->dispatch()
#14 C:\xampp\htdocs\vietagar\library\Zend\Application.php(366): Zend_Application_Bootstrap_Bootstrap->run()
#15 C:\xampp\htdocs\vietagar\public\index.php(33): Zend_Application->run()
#16 {main}

Next Zend_Db_Statement_Exception: SQLSTATE[23000]: Integrity constraint violation: 1048 Column 'content' cannot be null in C:\xampp\htdocs\vietagar\library\Zend\Db\Statement\Pdo.php:234
Stack trace:
#0 C:\xampp\htdocs\vietagar\library\Zend\Db\Statement.php(300): Zend_Db_Statement_Pdo->_execute(Array)
#1 C:\xampp\htdocs\vietagar\library\Zend\Db\Adapter\Abstract.php(479): Zend_Db_Statement->execute(Array)
#2 C:\xampp\htdocs\vietagar\library\Zend\Db\Adapter\Pdo\Abstract.php(238): Zend_Db_Adapter_Abstract->query('INSERT INTO `an...', Array)
#3 C:\xampp\htdocs\vietagar\library\Zend\Db\Adapter\Abstract.php(575): Zend_Db_Adapter_Pdo_Abstract->query('INSERT INTO `an...', Array)
#4 C:\xampp\htdocs\vietagar\library\Zend\Db\Table\Abstract.php(1077): Zend_Db_Adapter_Abstract->insert('answer', Array)
#5 C:\xampp\htdocs\vietagar\library\Core\Db\Table\Abstract.php(281): Zend_Db_Table_Abstract->insert(Array)
#6 C:\xampp\htdocs\vietagar\application\modules\admin\controllers\QuestionController.php(78): Core_Db_Table_Abstract->insert(Array)
#7 C:\xampp\htdocs\vietagar\application\modules\admin\controllers\QuestionController.php(101): Admin_QuestionController->sheetData(Array)
#8 C:\xampp\htdocs\vietagar\application\modules\admin\controllers\QuestionController.php(118): Admin_QuestionController->importExcel('516Cauhoitracng...')
#9 C:\xampp\htdocs\vietagar\library\Zend\Controller\Action.php(516): Admin_QuestionController->indexAction()
#10 C:\xampp\htdocs\vietagar\library\Zend\Controller\Dispatcher\Standard.php(295): Zend_Controller_Action->dispatch('indexAction')
#11 C:\xampp\htdocs\vietagar\library\Zend\Controller\Front.php(954): Zend_Controller_Dispatcher_Standard->dispatch(Object(Zend_Controller_Request_Http), Object(Zend_Controller_Response_Http))
#12 C:\xampp\htdocs\vietagar\library\Zend\Application\Bootstrap\Bootstrap.php(97): Zend_Controller_Front->dispatch()
#13 C:\xampp\htdocs\vietagar\library\Zend\Application.php(366): Zend_Application_Bootstrap_Bootstrap->run()
#14 C:\xampp\htdocs\vietagar\public\index.php(33): Zend_Application->run()
#15 {main}
2017-08-10T15:10:35+07:00 ERR (3): PDOException: SQLSTATE[23000]: Integrity constraint violation: 1048 Column 'content' cannot be null in C:\xampp\htdocs\vietagar\library\Zend\Db\Statement\Pdo.php:228
Stack trace:
#0 C:\xampp\htdocs\vietagar\library\Zend\Db\Statement\Pdo.php(228): PDOStatement->execute(Array)
#1 C:\xampp\htdocs\vietagar\library\Zend\Db\Statement.php(300): Zend_Db_Statement_Pdo->_execute(Array)
#2 C:\xampp\htdocs\vietagar\library\Zend\Db\Adapter\Abstract.php(479): Zend_Db_Statement->execute(Array)
#3 C:\xampp\htdocs\vietagar\library\Zend\Db\Adapter\Pdo\Abstract.php(238): Zend_Db_Adapter_Abstract->query('INSERT INTO `an...', Array)
#4 C:\xampp\htdocs\vietagar\library\Zend\Db\Adapter\Abstract.php(575): Zend_Db_Adapter_Pdo_Abstract->query('INSERT INTO `an...', Array)
#5 C:\xampp\htdocs\vietagar\library\Zend\Db\Table\Abstract.php(1077): Zend_Db_Adapter_Abstract->insert('answer', Array)
#6 C:\xampp\htdocs\vietagar\library\Core\Db\Table\Abstract.php(281): Zend_Db_Table_Abstract->insert(Array)
#7 C:\xampp\htdocs\vietagar\application\modules\admin\controllers\QuestionController.php(78): Core_Db_Table_Abstract->insert(Array)
#8 C:\xampp\htdocs\vietagar\application\modules\admin\controllers\QuestionController.php(101): Admin_QuestionController->sheetData(Array)
#9 C:\xampp\htdocs\vietagar\application\modules\admin\controllers\QuestionController.php(118): Admin_QuestionController->importExcel('516Cauhoitracng...')
#10 C:\xampp\htdocs\vietagar\library\Zend\Controller\Action.php(516): Admin_QuestionController->indexAction()
#11 C:\xampp\htdocs\vietagar\library\Zend\Controller\Dispatcher\Standard.php(295): Zend_Controller_Action->dispatch('indexAction')
#12 C:\xampp\htdocs\vietagar\library\Zend\Controller\Front.php(954): Zend_Controller_Dispatcher_Standard->dispatch(Object(Zend_Controller_Request_Http), Object(Zend_Controller_Response_Http))
#13 C:\xampp\htdocs\vietagar\library\Zend\Application\Bootstrap\Bootstrap.php(97): Zend_Controller_Front->dispatch()
#14 C:\xampp\htdocs\vietagar\library\Zend\Application.php(366): Zend_Application_Bootstrap_Bootstrap->run()
#15 C:\xampp\htdocs\vietagar\public\index.php(33): Zend_Application->run()
#16 {main}

Next Zend_Db_Statement_Exception: SQLSTATE[23000]: Integrity constraint violation: 1048 Column 'content' cannot be null in C:\xampp\htdocs\vietagar\library\Zend\Db\Statement\Pdo.php:234
Stack trace:
#0 C:\xampp\htdocs\vietagar\library\Zend\Db\Statement.php(300): Zend_Db_Statement_Pdo->_execute(Array)
#1 C:\xampp\htdocs\vietagar\library\Zend\Db\Adapter\Abstract.php(479): Zend_Db_Statement->execute(Array)
#2 C:\xampp\htdocs\vietagar\library\Zend\Db\Adapter\Pdo\Abstract.php(238): Zend_Db_Adapter_Abstract->query('INSERT INTO `an...', Array)
#3 C:\xampp\htdocs\vietagar\library\Zend\Db\Adapter\Abstract.php(575): Zend_Db_Adapter_Pdo_Abstract->query('INSERT INTO `an...', Array)
#4 C:\xampp\htdocs\vietagar\library\Zend\Db\Table\Abstract.php(1077): Zend_Db_Adapter_Abstract->insert('answer', Array)
#5 C:\xampp\htdocs\vietagar\library\Core\Db\Table\Abstract.php(281): Zend_Db_Table_Abstract->insert(Array)
#6 C:\xampp\htdocs\vietagar\application\modules\admin\controllers\QuestionController.php(78): Core_Db_Table_Abstract->insert(Array)
#7 C:\xampp\htdocs\vietagar\application\modules\admin\controllers\QuestionController.php(101): Admin_QuestionController->sheetData(Array)
#8 C:\xampp\htdocs\vietagar\application\modules\admin\controllers\QuestionController.php(118): Admin_QuestionController->importExcel('516Cauhoitracng...')
#9 C:\xampp\htdocs\vietagar\library\Zend\Controller\Action.php(516): Admin_QuestionController->indexAction()
#10 C:\xampp\htdocs\vietagar\library\Zend\Controller\Dispatcher\Standard.php(295): Zend_Controller_Action->dispatch('indexAction')
#11 C:\xampp\htdocs\vietagar\library\Zend\Controller\Front.php(954): Zend_Controller_Dispatcher_Standard->dispatch(Object(Zend_Controller_Request_Http), Object(Zend_Controller_Response_Http))
#12 C:\xampp\htdocs\vietagar\library\Zend\Application\Bootstrap\Bootstrap.php(97): Zend_Controller_Front->dispatch()
#13 C:\xampp\htdocs\vietagar\library\Zend\Application.php(366): Zend_Application_Bootstrap_Bootstrap->run()
#14 C:\xampp\htdocs\vietagar\public\index.php(33): Zend_Application->run()
#15 {main}
2017-08-10T15:10:35+07:00 ERR (3): PDOException: SQLSTATE[23000]: Integrity constraint violation: 1048 Column 'content' cannot be null in C:\xampp\htdocs\vietagar\library\Zend\Db\Statement\Pdo.php:228
Stack trace:
#0 C:\xampp\htdocs\vietagar\library\Zend\Db\Statement\Pdo.php(228): PDOStatement->execute(Array)
#1 C:\xampp\htdocs\vietagar\library\Zend\Db\Statement.php(300): Zend_Db_Statement_Pdo->_execute(Array)
#2 C:\xampp\htdocs\vietagar\library\Zend\Db\Adapter\Abstract.php(479): Zend_Db_Statement->execute(Array)
#3 C:\xampp\htdocs\vietagar\library\Zend\Db\Adapter\Pdo\Abstract.php(238): Zend_Db_Adapter_Abstract->query('INSERT INTO `an...', Array)
#4 C:\xampp\htdocs\vietagar\library\Zend\Db\Adapter\Abstract.php(575): Zend_Db_Adapter_Pdo_Abstract->query('INSERT INTO `an...', Array)
#5 C:\xampp\htdocs\vietagar\library\Zend\Db\Table\Abstract.php(1077): Zend_Db_Adapter_Abstract->insert('answer', Array)
#6 C:\xampp\htdocs\vietagar\library\Core\Db\Table\Abstract.php(281): Zend_Db_Table_Abstract->insert(Array)
#7 C:\xampp\htdocs\vietagar\application\modules\admin\controllers\QuestionController.php(78): Core_Db_Table_Abstract->insert(Array)
#8 C:\xampp\htdocs\vietagar\application\modules\admin\controllers\QuestionController.php(101): Admin_QuestionController->sheetData(Array)
#9 C:\xampp\htdocs\vietagar\application\modules\admin\controllers\QuestionController.php(118): Admin_QuestionController->importExcel('516Cauhoitracng...')
#10 C:\xampp\htdocs\vietagar\library\Zend\Controller\Action.php(516): Admin_QuestionController->indexAction()
#11 C:\xampp\htdocs\vietagar\library\Zend\Controller\Dispatcher\Standard.php(295): Zend_Controller_Action->dispatch('indexAction')
#12 C:\xampp\htdocs\vietagar\library\Zend\Controller\Front.php(954): Zend_Controller_Dispatcher_Standard->dispatch(Object(Zend_Controller_Request_Http), Object(Zend_Controller_Response_Http))
#13 C:\xampp\htdocs\vietagar\library\Zend\Application\Bootstrap\Bootstrap.php(97): Zend_Controller_Front->dispatch()
#14 C:\xampp\htdocs\vietagar\library\Zend\Application.php(366): Zend_Application_Bootstrap_Bootstrap->run()
#15 C:\xampp\htdocs\vietagar\public\index.php(33): Zend_Application->run()
#16 {main}

Next Zend_Db_Statement_Exception: SQLSTATE[23000]: Integrity constraint violation: 1048 Column 'content' cannot be null in C:\xampp\htdocs\vietagar\library\Zend\Db\Statement\Pdo.php:234
Stack trace:
#0 C:\xampp\htdocs\vietagar\library\Zend\Db\Statement.php(300): Zend_Db_Statement_Pdo->_execute(Array)
#1 C:\xampp\htdocs\vietagar\library\Zend\Db\Adapter\Abstract.php(479): Zend_Db_Statement->execute(Array)
#2 C:\xampp\htdocs\vietagar\library\Zend\Db\Adapter\Pdo\Abstract.php(238): Zend_Db_Adapter_Abstract->query('INSERT INTO `an...', Array)
#3 C:\xampp\htdocs\vietagar\library\Zend\Db\Adapter\Abstract.php(575): Zend_Db_Adapter_Pdo_Abstract->query('INSERT INTO `an...', Array)
#4 C:\xampp\htdocs\vietagar\library\Zend\Db\Table\Abstract.php(1077): Zend_Db_Adapter_Abstract->insert('answer', Array)
#5 C:\xampp\htdocs\vietagar\library\Core\Db\Table\Abstract.php(281): Zend_Db_Table_Abstract->insert(Array)
#6 C:\xampp\htdocs\vietagar\application\modules\admin\controllers\QuestionController.php(78): Core_Db_Table_Abstract->insert(Array)
#7 C:\xampp\htdocs\vietagar\application\modules\admin\controllers\QuestionController.php(101): Admin_QuestionController->sheetData(Array)
#8 C:\xampp\htdocs\vietagar\application\modules\admin\controllers\QuestionController.php(118): Admin_QuestionController->importExcel('516Cauhoitracng...')
#9 C:\xampp\htdocs\vietagar\library\Zend\Controller\Action.php(516): Admin_QuestionController->indexAction()
#10 C:\xampp\htdocs\vietagar\library\Zend\Controller\Dispatcher\Standard.php(295): Zend_Controller_Action->dispatch('indexAction')
#11 C:\xampp\htdocs\vietagar\library\Zend\Controller\Front.php(954): Zend_Controller_Dispatcher_Standard->dispatch(Object(Zend_Controller_Request_Http), Object(Zend_Controller_Response_Http))
#12 C:\xampp\htdocs\vietagar\library\Zend\Application\Bootstrap\Bootstrap.php(97): Zend_Controller_Front->dispatch()
#13 C:\xampp\htdocs\vietagar\library\Zend\Application.php(366): Zend_Application_Bootstrap_Bootstrap->run()
#14 C:\xampp\htdocs\vietagar\public\index.php(33): Zend_Application->run()
#15 {main}
2017-08-10T15:10:35+07:00 ERR (3): PDOException: SQLSTATE[23000]: Integrity constraint violation: 1048 Column 'content' cannot be null in C:\xampp\htdocs\vietagar\library\Zend\Db\Statement\Pdo.php:228
Stack trace:
#0 C:\xampp\htdocs\vietagar\library\Zend\Db\Statement\Pdo.php(228): PDOStatement->execute(Array)
#1 C:\xampp\htdocs\vietagar\library\Zend\Db\Statement.php(300): Zend_Db_Statement_Pdo->_execute(Array)
#2 C:\xampp\htdocs\vietagar\library\Zend\Db\Adapter\Abstract.php(479): Zend_Db_Statement->execute(Array)
#3 C:\xampp\htdocs\vietagar\library\Zend\Db\Adapter\Pdo\Abstract.php(238): Zend_Db_Adapter_Abstract->query('INSERT INTO `an...', Array)
#4 C:\xampp\htdocs\vietagar\library\Zend\Db\Adapter\Abstract.php(575): Zend_Db_Adapter_Pdo_Abstract->query('INSERT INTO `an...', Array)
#5 C:\xampp\htdocs\vietagar\library\Zend\Db\Table\Abstract.php(1077): Zend_Db_Adapter_Abstract->insert('answer', Array)
#6 C:\xampp\htdocs\vietagar\library\Core\Db\Table\Abstract.php(281): Zend_Db_Table_Abstract->insert(Array)
#7 C:\xampp\htdocs\vietagar\application\modules\admin\controllers\QuestionController.php(78): Core_Db_Table_Abstract->insert(Array)
#8 C:\xampp\htdocs\vietagar\application\modules\admin\controllers\QuestionController.php(101): Admin_QuestionController->sheetData(Array)
#9 C:\xampp\htdocs\vietagar\application\modules\admin\controllers\QuestionController.php(118): Admin_QuestionController->importExcel('516Cauhoitracng...')
#10 C:\xampp\htdocs\vietagar\library\Zend\Controller\Action.php(516): Admin_QuestionController->indexAction()
#11 C:\xampp\htdocs\vietagar\library\Zend\Controller\Dispatcher\Standard.php(295): Zend_Controller_Action->dispatch('indexAction')
#12 C:\xampp\htdocs\vietagar\library\Zend\Controller\Front.php(954): Zend_Controller_Dispatcher_Standard->dispatch(Object(Zend_Controller_Request_Http), Object(Zend_Controller_Response_Http))
#13 C:\xampp\htdocs\vietagar\library\Zend\Application\Bootstrap\Bootstrap.php(97): Zend_Controller_Front->dispatch()
#14 C:\xampp\htdocs\vietagar\library\Zend\Application.php(366): Zend_Application_Bootstrap_Bootstrap->run()
#15 C:\xampp\htdocs\vietagar\public\index.php(33): Zend_Application->run()
#16 {main}

Next Zend_Db_Statement_Exception: SQLSTATE[23000]: Integrity constraint violation: 1048 Column 'content' cannot be null in C:\xampp\htdocs\vietagar\library\Zend\Db\Statement\Pdo.php:234
Stack trace:
#0 C:\xampp\htdocs\vietagar\library\Zend\Db\Statement.php(300): Zend_Db_Statement_Pdo->_execute(Array)
#1 C:\xampp\htdocs\vietagar\library\Zend\Db\Adapter\Abstract.php(479): Zend_Db_Statement->execute(Array)
#2 C:\xampp\htdocs\vietagar\library\Zend\Db\Adapter\Pdo\Abstract.php(238): Zend_Db_Adapter_Abstract->query('INSERT INTO `an...', Array)
#3 C:\xampp\htdocs\vietagar\library\Zend\Db\Adapter\Abstract.php(575): Zend_Db_Adapter_Pdo_Abstract->query('INSERT INTO `an...', Array)
#4 C:\xampp\htdocs\vietagar\library\Zend\Db\Table\Abstract.php(1077): Zend_Db_Adapter_Abstract->insert('answer', Array)
#5 C:\xampp\htdocs\vietagar\library\Core\Db\Table\Abstract.php(281): Zend_Db_Table_Abstract->insert(Array)
#6 C:\xampp\htdocs\vietagar\application\modules\admin\controllers\QuestionController.php(78): Core_Db_Table_Abstract->insert(Array)
#7 C:\xampp\htdocs\vietagar\application\modules\admin\controllers\QuestionController.php(101): Admin_QuestionController->sheetData(Array)
#8 C:\xampp\htdocs\vietagar\application\modules\admin\controllers\QuestionController.php(118): Admin_QuestionController->importExcel('516Cauhoitracng...')
#9 C:\xampp\htdocs\vietagar\library\Zend\Controller\Action.php(516): Admin_QuestionController->indexAction()
#10 C:\xampp\htdocs\vietagar\library\Zend\Controller\Dispatcher\Standard.php(295): Zend_Controller_Action->dispatch('indexAction')
#11 C:\xampp\htdocs\vietagar\library\Zend\Controller\Front.php(954): Zend_Controller_Dispatcher_Standard->dispatch(Object(Zend_Controller_Request_Http), Object(Zend_Controller_Response_Http))
#12 C:\xampp\htdocs\vietagar\library\Zend\Application\Bootstrap\Bootstrap.php(97): Zend_Controller_Front->dispatch()
#13 C:\xampp\htdocs\vietagar\library\Zend\Application.php(366): Zend_Application_Bootstrap_Bootstrap->run()
#14 C:\xampp\htdocs\vietagar\public\index.php(33): Zend_Application->run()
#15 {main}
